<?xml version="1.0" encoding="UTF-8"?>
<testsuite xmlns:xsi="http://www.w3.org/2001/XMLSchema-instance" xsi:noNamespaceSchemaLocation="https://maven.apache.org/surefire/maven-surefire-plugin/xsd/surefire-test-report.xsd" name="com.fly.hsbchomework.resilience.ResilienceTest" time="11.731" tests="4" errors="0" skipped="0" failures="0">
  <properties>
    <property name="gopherProxySet" value="false"/>
    <property name="awt.toolkit" value="sun.lwawt.macosx.LWCToolkit"/>
    <property name="socksProxyHost" value="127.0.0.1"/>
    <property name="http.proxyHost" value="127.0.0.1"/>
    <property name="java.specification.version" value="1.8"/>
    <property name="file.encoding.pkg" value="sun.io"/>
    <property name="sun.cpu.isalist" value=""/>
    <property name="sun.jnu.encoding" value="UTF-8"/>
    <property name="java.class.path" value="/Users/fly/Documents/dev/self/hsbchomework/target/test-classes:/Users/fly/Documents/dev/self/hsbchomework/target/classes:/Users/fly/repo/org/springframework/boot/spring-boot-starter-web/2.7.18/spring-boot-starter-web-2.7.18.jar:/Users/fly/repo/org/springframework/boot/spring-boot-starter/2.7.18/spring-boot-starter-2.7.18.jar:/Users/fly/repo/org/springframework/boot/spring-boot/2.7.18/spring-boot-2.7.18.jar:/Users/fly/repo/org/springframework/boot/spring-boot-autoconfigure/2.7.18/spring-boot-autoconfigure-2.7.18.jar:/Users/fly/repo/org/springframework/boot/spring-boot-starter-logging/2.7.18/spring-boot-starter-logging-2.7.18.jar:/Users/fly/repo/ch/qos/logback/logback-classic/1.2.12/logback-classic-1.2.12.jar:/Users/fly/repo/ch/qos/logback/logback-core/1.2.12/logback-core-1.2.12.jar:/Users/fly/repo/org/apache/logging/log4j/log4j-to-slf4j/2.17.2/log4j-to-slf4j-2.17.2.jar:/Users/fly/repo/org/apache/logging/log4j/log4j-api/2.17.2/log4j-api-2.17.2.jar:/Users/fly/repo/org/slf4j/jul-to-slf4j/1.7.36/jul-to-slf4j-1.7.36.jar:/Users/fly/repo/jakarta/annotation/jakarta.annotation-api/1.3.5/jakarta.annotation-api-1.3.5.jar:/Users/fly/repo/org/yaml/snakeyaml/1.30/snakeyaml-1.30.jar:/Users/fly/repo/org/springframework/boot/spring-boot-starter-json/2.7.18/spring-boot-starter-json-2.7.18.jar:/Users/fly/repo/com/fasterxml/jackson/core/jackson-databind/2.13.5/jackson-databind-2.13.5.jar:/Users/fly/repo/com/fasterxml/jackson/core/jackson-core/2.13.5/jackson-core-2.13.5.jar:/Users/fly/repo/com/fasterxml/jackson/datatype/jackson-datatype-jdk8/2.13.5/jackson-datatype-jdk8-2.13.5.jar:/Users/fly/repo/com/fasterxml/jackson/datatype/jackson-datatype-jsr310/2.13.5/jackson-datatype-jsr310-2.13.5.jar:/Users/fly/repo/com/fasterxml/jackson/module/jackson-module-parameter-names/2.13.5/jackson-module-parameter-names-2.13.5.jar:/Users/fly/repo/org/springframework/boot/spring-boot-starter-tomcat/2.7.18/spring-boot-starter-tomcat-2.7.18.jar:/Users/fly/repo/org/apache/tomcat/embed/tomcat-embed-core/9.0.83/tomcat-embed-core-9.0.83.jar:/Users/fly/repo/org/apache/tomcat/embed/tomcat-embed-websocket/9.0.83/tomcat-embed-websocket-9.0.83.jar:/Users/fly/repo/org/springframework/spring-web/5.3.31/spring-web-5.3.31.jar:/Users/fly/repo/org/springframework/spring-beans/5.3.31/spring-beans-5.3.31.jar:/Users/fly/repo/org/springframework/spring-webmvc/5.3.31/spring-webmvc-5.3.31.jar:/Users/fly/repo/org/springframework/spring-aop/5.3.31/spring-aop-5.3.31.jar:/Users/fly/repo/org/springframework/spring-context/5.3.31/spring-context-5.3.31.jar:/Users/fly/repo/org/springframework/spring-expression/5.3.31/spring-expression-5.3.31.jar:/Users/fly/repo/org/springframework/boot/spring-boot-starter-data-jpa/2.7.18/spring-boot-starter-data-jpa-2.7.18.jar:/Users/fly/repo/org/springframework/boot/spring-boot-starter-aop/2.7.18/spring-boot-starter-aop-2.7.18.jar:/Users/fly/repo/org/aspectj/aspectjweaver/1.9.7/aspectjweaver-1.9.7.jar:/Users/fly/repo/org/springframework/boot/spring-boot-starter-jdbc/2.7.18/spring-boot-starter-jdbc-2.7.18.jar:/Users/fly/repo/com/zaxxer/HikariCP/4.0.3/HikariCP-4.0.3.jar:/Users/fly/repo/org/springframework/spring-jdbc/5.3.31/spring-jdbc-5.3.31.jar:/Users/fly/repo/jakarta/transaction/jakarta.transaction-api/1.3.3/jakarta.transaction-api-1.3.3.jar:/Users/fly/repo/jakarta/persistence/jakarta.persistence-api/2.2.3/jakarta.persistence-api-2.2.3.jar:/Users/fly/repo/org/hibernate/hibernate-core/5.6.15.Final/hibernate-core-5.6.15.Final.jar:/Users/fly/repo/org/jboss/logging/jboss-logging/3.4.3.Final/jboss-logging-3.4.3.Final.jar:/Users/fly/repo/net/bytebuddy/byte-buddy/1.12.23/byte-buddy-1.12.23.jar:/Users/fly/repo/antlr/antlr/2.7.7/antlr-2.7.7.jar:/Users/fly/repo/org/jboss/jandex/2.4.2.Final/jandex-2.4.2.Final.jar:/Users/fly/repo/com/fasterxml/classmate/1.5.1/classmate-1.5.1.jar:/Users/fly/repo/org/hibernate/common/hibernate-commons-annotations/5.1.2.Final/hibernate-commons-annotations-5.1.2.Final.jar:/Users/fly/repo/org/glassfish/jaxb/jaxb-runtime/2.3.9/jaxb-runtime-2.3.9.jar:/Users/fly/repo/org/glassfish/jaxb/txw2/2.3.9/txw2-2.3.9.jar:/Users/fly/repo/com/sun/istack/istack-commons-runtime/3.0.12/istack-commons-runtime-3.0.12.jar:/Users/fly/repo/com/sun/activation/jakarta.activation/1.2.2/jakarta.activation-1.2.2.jar:/Users/fly/repo/org/springframework/data/spring-data-jpa/2.7.18/spring-data-jpa-2.7.18.jar:/Users/fly/repo/org/springframework/data/spring-data-commons/2.7.18/spring-data-commons-2.7.18.jar:/Users/fly/repo/org/springframework/spring-orm/5.3.31/spring-orm-5.3.31.jar:/Users/fly/repo/org/springframework/spring-tx/5.3.31/spring-tx-5.3.31.jar:/Users/fly/repo/org/springframework/spring-aspects/5.3.31/spring-aspects-5.3.31.jar:/Users/fly/repo/org/springframework/boot/spring-boot-starter-data-redis/2.7.18/spring-boot-starter-data-redis-2.7.18.jar:/Users/fly/repo/org/springframework/data/spring-data-redis/2.7.18/spring-data-redis-2.7.18.jar:/Users/fly/repo/org/springframework/data/spring-data-keyvalue/2.7.18/spring-data-keyvalue-2.7.18.jar:/Users/fly/repo/org/springframework/spring-oxm/5.3.31/spring-oxm-5.3.31.jar:/Users/fly/repo/io/lettuce/lettuce-core/6.1.10.RELEASE/lettuce-core-6.1.10.RELEASE.jar:/Users/fly/repo/io/netty/netty-common/4.1.101.Final/netty-common-4.1.101.Final.jar:/Users/fly/repo/io/netty/netty-handler/4.1.101.Final/netty-handler-4.1.101.Final.jar:/Users/fly/repo/io/netty/netty-resolver/4.1.101.Final/netty-resolver-4.1.101.Final.jar:/Users/fly/repo/io/netty/netty-buffer/4.1.101.Final/netty-buffer-4.1.101.Final.jar:/Users/fly/repo/io/netty/netty-transport-native-unix-common/4.1.101.Final/netty-transport-native-unix-common-4.1.101.Final.jar:/Users/fly/repo/io/netty/netty-codec/4.1.101.Final/netty-codec-4.1.101.Final.jar:/Users/fly/repo/io/netty/netty-transport/4.1.101.Final/netty-transport-4.1.101.Final.jar:/Users/fly/repo/io/projectreactor/reactor-core/3.4.34/reactor-core-3.4.34.jar:/Users/fly/repo/org/reactivestreams/reactive-streams/1.0.4/reactive-streams-1.0.4.jar:/Users/fly/repo/org/springframework/boot/spring-boot-starter-validation/2.7.18/spring-boot-starter-validation-2.7.18.jar:/Users/fly/repo/org/apache/tomcat/embed/tomcat-embed-el/9.0.83/tomcat-embed-el-9.0.83.jar:/Users/fly/repo/org/hibernate/validator/hibernate-validator/6.2.5.Final/hibernate-validator-6.2.5.Final.jar:/Users/fly/repo/jakarta/validation/jakarta.validation-api/2.0.2/jakarta.validation-api-2.0.2.jar:/Users/fly/repo/com/mysql/mysql-connector-j/8.0.33/mysql-connector-j-8.0.33.jar:/Users/fly/repo/com/h2database/h2/2.1.214/h2-2.1.214.jar:/Users/fly/repo/org/springframework/boot/spring-boot-starter-cache/2.7.18/spring-boot-starter-cache-2.7.18.jar:/Users/fly/repo/org/springframework/spring-context-support/5.3.31/spring-context-support-5.3.31.jar:/Users/fly/repo/org/projectlombok/lombok/1.18.30/lombok-1.18.30.jar:/Users/fly/repo/com/google/guava/guava/31.1-jre/guava-31.1-jre.jar:/Users/fly/repo/com/google/guava/failureaccess/1.0.1/failureaccess-1.0.1.jar:/Users/fly/repo/com/google/guava/listenablefuture/9999.0-empty-to-avoid-conflict-with-guava/listenablefuture-9999.0-empty-to-avoid-conflict-with-guava.jar:/Users/fly/repo/com/google/code/findbugs/jsr305/3.0.2/jsr305-3.0.2.jar:/Users/fly/repo/org/checkerframework/checker-qual/3.12.0/checker-qual-3.12.0.jar:/Users/fly/repo/com/google/errorprone/error_prone_annotations/2.11.0/error_prone_annotations-2.11.0.jar:/Users/fly/repo/com/google/j2objc/j2objc-annotations/1.3/j2objc-annotations-1.3.jar:/Users/fly/repo/org/springframework/boot/spring-boot-starter-test/2.7.18/spring-boot-starter-test-2.7.18.jar:/Users/fly/repo/org/springframework/boot/spring-boot-test/2.7.18/spring-boot-test-2.7.18.jar:/Users/fly/repo/org/springframework/boot/spring-boot-test-autoconfigure/2.7.18/spring-boot-test-autoconfigure-2.7.18.jar:/Users/fly/repo/com/jayway/jsonpath/json-path/2.7.0/json-path-2.7.0.jar:/Users/fly/repo/net/minidev/json-smart/2.4.11/json-smart-2.4.11.jar:/Users/fly/repo/net/minidev/accessors-smart/2.4.11/accessors-smart-2.4.11.jar:/Users/fly/repo/org/ow2/asm/asm/9.3/asm-9.3.jar:/Users/fly/repo/jakarta/xml/bind/jakarta.xml.bind-api/2.3.3/jakarta.xml.bind-api-2.3.3.jar:/Users/fly/repo/jakarta/activation/jakarta.activation-api/1.2.2/jakarta.activation-api-1.2.2.jar:/Users/fly/repo/org/assertj/assertj-core/3.22.0/assertj-core-3.22.0.jar:/Users/fly/repo/org/hamcrest/hamcrest/2.2/hamcrest-2.2.jar:/Users/fly/repo/org/junit/jupiter/junit-jupiter/5.8.2/junit-jupiter-5.8.2.jar:/Users/fly/repo/org/junit/jupiter/junit-jupiter-api/5.8.2/junit-jupiter-api-5.8.2.jar:/Users/fly/repo/org/opentest4j/opentest4j/1.2.0/opentest4j-1.2.0.jar:/Users/fly/repo/org/junit/platform/junit-platform-commons/1.8.2/junit-platform-commons-1.8.2.jar:/Users/fly/repo/org/apiguardian/apiguardian-api/1.1.2/apiguardian-api-1.1.2.jar:/Users/fly/repo/org/junit/jupiter/junit-jupiter-params/5.8.2/junit-jupiter-params-5.8.2.jar:/Users/fly/repo/org/junit/jupiter/junit-jupiter-engine/5.8.2/junit-jupiter-engine-5.8.2.jar:/Users/fly/repo/org/junit/platform/junit-platform-engine/1.8.2/junit-platform-engine-1.8.2.jar:/Users/fly/repo/org/mockito/mockito-core/4.5.1/mockito-core-4.5.1.jar:/Users/fly/repo/net/bytebuddy/byte-buddy-agent/1.12.23/byte-buddy-agent-1.12.23.jar:/Users/fly/repo/org/objenesis/objenesis/3.2/objenesis-3.2.jar:/Users/fly/repo/org/mockito/mockito-junit-jupiter/4.5.1/mockito-junit-jupiter-4.5.1.jar:/Users/fly/repo/org/skyscreamer/jsonassert/1.5.1/jsonassert-1.5.1.jar:/Users/fly/repo/com/vaadin/external/google/android-json/0.0.20131108.vaadin1/android-json-0.0.20131108.vaadin1.jar:/Users/fly/repo/org/springframework/spring-core/5.3.31/spring-core-5.3.31.jar:/Users/fly/repo/org/springframework/spring-jcl/5.3.31/spring-jcl-5.3.31.jar:/Users/fly/repo/org/springframework/spring-test/5.3.31/spring-test-5.3.31.jar:/Users/fly/repo/org/xmlunit/xmlunit-core/2.9.1/xmlunit-core-2.9.1.jar:/Users/fly/repo/org/testcontainers/testcontainers/1.19.3/testcontainers-1.19.3.jar:/Users/fly/repo/junit/junit/4.13.2/junit-4.13.2.jar:/Users/fly/repo/org/hamcrest/hamcrest-core/2.2/hamcrest-core-2.2.jar:/Users/fly/repo/org/slf4j/slf4j-api/1.7.36/slf4j-api-1.7.36.jar:/Users/fly/repo/org/apache/commons/commons-compress/1.24.0/commons-compress-1.24.0.jar:/Users/fly/repo/org/rnorth/duct-tape/duct-tape/1.0.8/duct-tape-1.0.8.jar:/Users/fly/repo/org/jetbrains/annotations/17.0.0/annotations-17.0.0.jar:/Users/fly/repo/com/github/docker-java/docker-java-api/3.3.4/docker-java-api-3.3.4.jar:/Users/fly/repo/com/fasterxml/jackson/core/jackson-annotations/2.13.5/jackson-annotations-2.13.5.jar:/Users/fly/repo/com/github/docker-java/docker-java-transport-zerodep/3.3.4/docker-java-transport-zerodep-3.3.4.jar:/Users/fly/repo/com/github/docker-java/docker-java-transport/3.3.4/docker-java-transport-3.3.4.jar:/Users/fly/repo/net/java/dev/jna/jna/5.13.0/jna-5.13.0.jar:/Users/fly/repo/org/testcontainers/mysql/1.19.3/mysql-1.19.3.jar:/Users/fly/repo/org/testcontainers/jdbc/1.19.3/jdbc-1.19.3.jar:/Users/fly/repo/org/testcontainers/database-commons/1.19.3/database-commons-1.19.3.jar:"/>
    <property name="https.proxyPort" value="7890"/>
    <property name="java.vm.vendor" value="Oracle Corporation"/>
    <property name="sun.arch.data.model" value="64"/>
    <property name="java.vendor.url" value="http://java.oracle.com/"/>
    <property name="user.timezone" value=""/>
    <property name="user.country.format" value="CN"/>
    <property name="java.vm.specification.version" value="1.8"/>
    <property name="os.name" value="Mac OS X"/>
    <property name="user.country" value="US"/>
    <property name="sun.java.launcher" value="SUN_STANDARD"/>
    <property name="sun.boot.library.path" value="/Library/Java/JavaVirtualMachines/jdk1.8.0_91.jdk/Contents/Home/jre/lib"/>
    <property name="sun.java.command" value="/Users/fly/Documents/dev/self/hsbchomework/target/surefire/surefirebooter7022748108721874321.jar /Users/fly/Documents/dev/self/hsbchomework/target/surefire 2025-05-20T03-14-26_366-jvmRun1 surefire6921624386913474208tmp surefire_0356498835354707493tmp"/>
    <property name="http.nonProxyHosts" value="192.168.0.0/16|*.192.168.0.0/16|10.0.0.0/8|*.10.0.0.0/8|172.16.0.0/12|*.172.16.0.0/12|127.0.0.1|localhost|*.localhost|local|*.local|timestamp.apple.com|*.timestamp.apple.com|sequoia.apple.com|*.sequoia.apple.com|seed-sequoia.siri.apple.com|*.seed-sequoia.siri.apple.com"/>
    <property name="surefire.test.class.path" value="/Users/fly/Documents/dev/self/hsbchomework/target/test-classes:/Users/fly/Documents/dev/self/hsbchomework/target/classes:/Users/fly/repo/org/springframework/boot/spring-boot-starter-web/2.7.18/spring-boot-starter-web-2.7.18.jar:/Users/fly/repo/org/springframework/boot/spring-boot-starter/2.7.18/spring-boot-starter-2.7.18.jar:/Users/fly/repo/org/springframework/boot/spring-boot/2.7.18/spring-boot-2.7.18.jar:/Users/fly/repo/org/springframework/boot/spring-boot-autoconfigure/2.7.18/spring-boot-autoconfigure-2.7.18.jar:/Users/fly/repo/org/springframework/boot/spring-boot-starter-logging/2.7.18/spring-boot-starter-logging-2.7.18.jar:/Users/fly/repo/ch/qos/logback/logback-classic/1.2.12/logback-classic-1.2.12.jar:/Users/fly/repo/ch/qos/logback/logback-core/1.2.12/logback-core-1.2.12.jar:/Users/fly/repo/org/apache/logging/log4j/log4j-to-slf4j/2.17.2/log4j-to-slf4j-2.17.2.jar:/Users/fly/repo/org/apache/logging/log4j/log4j-api/2.17.2/log4j-api-2.17.2.jar:/Users/fly/repo/org/slf4j/jul-to-slf4j/1.7.36/jul-to-slf4j-1.7.36.jar:/Users/fly/repo/jakarta/annotation/jakarta.annotation-api/1.3.5/jakarta.annotation-api-1.3.5.jar:/Users/fly/repo/org/yaml/snakeyaml/1.30/snakeyaml-1.30.jar:/Users/fly/repo/org/springframework/boot/spring-boot-starter-json/2.7.18/spring-boot-starter-json-2.7.18.jar:/Users/fly/repo/com/fasterxml/jackson/core/jackson-databind/2.13.5/jackson-databind-2.13.5.jar:/Users/fly/repo/com/fasterxml/jackson/core/jackson-core/2.13.5/jackson-core-2.13.5.jar:/Users/fly/repo/com/fasterxml/jackson/datatype/jackson-datatype-jdk8/2.13.5/jackson-datatype-jdk8-2.13.5.jar:/Users/fly/repo/com/fasterxml/jackson/datatype/jackson-datatype-jsr310/2.13.5/jackson-datatype-jsr310-2.13.5.jar:/Users/fly/repo/com/fasterxml/jackson/module/jackson-module-parameter-names/2.13.5/jackson-module-parameter-names-2.13.5.jar:/Users/fly/repo/org/springframework/boot/spring-boot-starter-tomcat/2.7.18/spring-boot-starter-tomcat-2.7.18.jar:/Users/fly/repo/org/apache/tomcat/embed/tomcat-embed-core/9.0.83/tomcat-embed-core-9.0.83.jar:/Users/fly/repo/org/apache/tomcat/embed/tomcat-embed-websocket/9.0.83/tomcat-embed-websocket-9.0.83.jar:/Users/fly/repo/org/springframework/spring-web/5.3.31/spring-web-5.3.31.jar:/Users/fly/repo/org/springframework/spring-beans/5.3.31/spring-beans-5.3.31.jar:/Users/fly/repo/org/springframework/spring-webmvc/5.3.31/spring-webmvc-5.3.31.jar:/Users/fly/repo/org/springframework/spring-aop/5.3.31/spring-aop-5.3.31.jar:/Users/fly/repo/org/springframework/spring-context/5.3.31/spring-context-5.3.31.jar:/Users/fly/repo/org/springframework/spring-expression/5.3.31/spring-expression-5.3.31.jar:/Users/fly/repo/org/springframework/boot/spring-boot-starter-data-jpa/2.7.18/spring-boot-starter-data-jpa-2.7.18.jar:/Users/fly/repo/org/springframework/boot/spring-boot-starter-aop/2.7.18/spring-boot-starter-aop-2.7.18.jar:/Users/fly/repo/org/aspectj/aspectjweaver/1.9.7/aspectjweaver-1.9.7.jar:/Users/fly/repo/org/springframework/boot/spring-boot-starter-jdbc/2.7.18/spring-boot-starter-jdbc-2.7.18.jar:/Users/fly/repo/com/zaxxer/HikariCP/4.0.3/HikariCP-4.0.3.jar:/Users/fly/repo/org/springframework/spring-jdbc/5.3.31/spring-jdbc-5.3.31.jar:/Users/fly/repo/jakarta/transaction/jakarta.transaction-api/1.3.3/jakarta.transaction-api-1.3.3.jar:/Users/fly/repo/jakarta/persistence/jakarta.persistence-api/2.2.3/jakarta.persistence-api-2.2.3.jar:/Users/fly/repo/org/hibernate/hibernate-core/5.6.15.Final/hibernate-core-5.6.15.Final.jar:/Users/fly/repo/org/jboss/logging/jboss-logging/3.4.3.Final/jboss-logging-3.4.3.Final.jar:/Users/fly/repo/net/bytebuddy/byte-buddy/1.12.23/byte-buddy-1.12.23.jar:/Users/fly/repo/antlr/antlr/2.7.7/antlr-2.7.7.jar:/Users/fly/repo/org/jboss/jandex/2.4.2.Final/jandex-2.4.2.Final.jar:/Users/fly/repo/com/fasterxml/classmate/1.5.1/classmate-1.5.1.jar:/Users/fly/repo/org/hibernate/common/hibernate-commons-annotations/5.1.2.Final/hibernate-commons-annotations-5.1.2.Final.jar:/Users/fly/repo/org/glassfish/jaxb/jaxb-runtime/2.3.9/jaxb-runtime-2.3.9.jar:/Users/fly/repo/org/glassfish/jaxb/txw2/2.3.9/txw2-2.3.9.jar:/Users/fly/repo/com/sun/istack/istack-commons-runtime/3.0.12/istack-commons-runtime-3.0.12.jar:/Users/fly/repo/com/sun/activation/jakarta.activation/1.2.2/jakarta.activation-1.2.2.jar:/Users/fly/repo/org/springframework/data/spring-data-jpa/2.7.18/spring-data-jpa-2.7.18.jar:/Users/fly/repo/org/springframework/data/spring-data-commons/2.7.18/spring-data-commons-2.7.18.jar:/Users/fly/repo/org/springframework/spring-orm/5.3.31/spring-orm-5.3.31.jar:/Users/fly/repo/org/springframework/spring-tx/5.3.31/spring-tx-5.3.31.jar:/Users/fly/repo/org/springframework/spring-aspects/5.3.31/spring-aspects-5.3.31.jar:/Users/fly/repo/org/springframework/boot/spring-boot-starter-data-redis/2.7.18/spring-boot-starter-data-redis-2.7.18.jar:/Users/fly/repo/org/springframework/data/spring-data-redis/2.7.18/spring-data-redis-2.7.18.jar:/Users/fly/repo/org/springframework/data/spring-data-keyvalue/2.7.18/spring-data-keyvalue-2.7.18.jar:/Users/fly/repo/org/springframework/spring-oxm/5.3.31/spring-oxm-5.3.31.jar:/Users/fly/repo/io/lettuce/lettuce-core/6.1.10.RELEASE/lettuce-core-6.1.10.RELEASE.jar:/Users/fly/repo/io/netty/netty-common/4.1.101.Final/netty-common-4.1.101.Final.jar:/Users/fly/repo/io/netty/netty-handler/4.1.101.Final/netty-handler-4.1.101.Final.jar:/Users/fly/repo/io/netty/netty-resolver/4.1.101.Final/netty-resolver-4.1.101.Final.jar:/Users/fly/repo/io/netty/netty-buffer/4.1.101.Final/netty-buffer-4.1.101.Final.jar:/Users/fly/repo/io/netty/netty-transport-native-unix-common/4.1.101.Final/netty-transport-native-unix-common-4.1.101.Final.jar:/Users/fly/repo/io/netty/netty-codec/4.1.101.Final/netty-codec-4.1.101.Final.jar:/Users/fly/repo/io/netty/netty-transport/4.1.101.Final/netty-transport-4.1.101.Final.jar:/Users/fly/repo/io/projectreactor/reactor-core/3.4.34/reactor-core-3.4.34.jar:/Users/fly/repo/org/reactivestreams/reactive-streams/1.0.4/reactive-streams-1.0.4.jar:/Users/fly/repo/org/springframework/boot/spring-boot-starter-validation/2.7.18/spring-boot-starter-validation-2.7.18.jar:/Users/fly/repo/org/apache/tomcat/embed/tomcat-embed-el/9.0.83/tomcat-embed-el-9.0.83.jar:/Users/fly/repo/org/hibernate/validator/hibernate-validator/6.2.5.Final/hibernate-validator-6.2.5.Final.jar:/Users/fly/repo/jakarta/validation/jakarta.validation-api/2.0.2/jakarta.validation-api-2.0.2.jar:/Users/fly/repo/com/mysql/mysql-connector-j/8.0.33/mysql-connector-j-8.0.33.jar:/Users/fly/repo/com/h2database/h2/2.1.214/h2-2.1.214.jar:/Users/fly/repo/org/springframework/boot/spring-boot-starter-cache/2.7.18/spring-boot-starter-cache-2.7.18.jar:/Users/fly/repo/org/springframework/spring-context-support/5.3.31/spring-context-support-5.3.31.jar:/Users/fly/repo/org/projectlombok/lombok/1.18.30/lombok-1.18.30.jar:/Users/fly/repo/com/google/guava/guava/31.1-jre/guava-31.1-jre.jar:/Users/fly/repo/com/google/guava/failureaccess/1.0.1/failureaccess-1.0.1.jar:/Users/fly/repo/com/google/guava/listenablefuture/9999.0-empty-to-avoid-conflict-with-guava/listenablefuture-9999.0-empty-to-avoid-conflict-with-guava.jar:/Users/fly/repo/com/google/code/findbugs/jsr305/3.0.2/jsr305-3.0.2.jar:/Users/fly/repo/org/checkerframework/checker-qual/3.12.0/checker-qual-3.12.0.jar:/Users/fly/repo/com/google/errorprone/error_prone_annotations/2.11.0/error_prone_annotations-2.11.0.jar:/Users/fly/repo/com/google/j2objc/j2objc-annotations/1.3/j2objc-annotations-1.3.jar:/Users/fly/repo/org/springframework/boot/spring-boot-starter-test/2.7.18/spring-boot-starter-test-2.7.18.jar:/Users/fly/repo/org/springframework/boot/spring-boot-test/2.7.18/spring-boot-test-2.7.18.jar:/Users/fly/repo/org/springframework/boot/spring-boot-test-autoconfigure/2.7.18/spring-boot-test-autoconfigure-2.7.18.jar:/Users/fly/repo/com/jayway/jsonpath/json-path/2.7.0/json-path-2.7.0.jar:/Users/fly/repo/net/minidev/json-smart/2.4.11/json-smart-2.4.11.jar:/Users/fly/repo/net/minidev/accessors-smart/2.4.11/accessors-smart-2.4.11.jar:/Users/fly/repo/org/ow2/asm/asm/9.3/asm-9.3.jar:/Users/fly/repo/jakarta/xml/bind/jakarta.xml.bind-api/2.3.3/jakarta.xml.bind-api-2.3.3.jar:/Users/fly/repo/jakarta/activation/jakarta.activation-api/1.2.2/jakarta.activation-api-1.2.2.jar:/Users/fly/repo/org/assertj/assertj-core/3.22.0/assertj-core-3.22.0.jar:/Users/fly/repo/org/hamcrest/hamcrest/2.2/hamcrest-2.2.jar:/Users/fly/repo/org/junit/jupiter/junit-jupiter/5.8.2/junit-jupiter-5.8.2.jar:/Users/fly/repo/org/junit/jupiter/junit-jupiter-api/5.8.2/junit-jupiter-api-5.8.2.jar:/Users/fly/repo/org/opentest4j/opentest4j/1.2.0/opentest4j-1.2.0.jar:/Users/fly/repo/org/junit/platform/junit-platform-commons/1.8.2/junit-platform-commons-1.8.2.jar:/Users/fly/repo/org/apiguardian/apiguardian-api/1.1.2/apiguardian-api-1.1.2.jar:/Users/fly/repo/org/junit/jupiter/junit-jupiter-params/5.8.2/junit-jupiter-params-5.8.2.jar:/Users/fly/repo/org/junit/jupiter/junit-jupiter-engine/5.8.2/junit-jupiter-engine-5.8.2.jar:/Users/fly/repo/org/junit/platform/junit-platform-engine/1.8.2/junit-platform-engine-1.8.2.jar:/Users/fly/repo/org/mockito/mockito-core/4.5.1/mockito-core-4.5.1.jar:/Users/fly/repo/net/bytebuddy/byte-buddy-agent/1.12.23/byte-buddy-agent-1.12.23.jar:/Users/fly/repo/org/objenesis/objenesis/3.2/objenesis-3.2.jar:/Users/fly/repo/org/mockito/mockito-junit-jupiter/4.5.1/mockito-junit-jupiter-4.5.1.jar:/Users/fly/repo/org/skyscreamer/jsonassert/1.5.1/jsonassert-1.5.1.jar:/Users/fly/repo/com/vaadin/external/google/android-json/0.0.20131108.vaadin1/android-json-0.0.20131108.vaadin1.jar:/Users/fly/repo/org/springframework/spring-core/5.3.31/spring-core-5.3.31.jar:/Users/fly/repo/org/springframework/spring-jcl/5.3.31/spring-jcl-5.3.31.jar:/Users/fly/repo/org/springframework/spring-test/5.3.31/spring-test-5.3.31.jar:/Users/fly/repo/org/xmlunit/xmlunit-core/2.9.1/xmlunit-core-2.9.1.jar:/Users/fly/repo/org/testcontainers/testcontainers/1.19.3/testcontainers-1.19.3.jar:/Users/fly/repo/junit/junit/4.13.2/junit-4.13.2.jar:/Users/fly/repo/org/hamcrest/hamcrest-core/2.2/hamcrest-core-2.2.jar:/Users/fly/repo/org/slf4j/slf4j-api/1.7.36/slf4j-api-1.7.36.jar:/Users/fly/repo/org/apache/commons/commons-compress/1.24.0/commons-compress-1.24.0.jar:/Users/fly/repo/org/rnorth/duct-tape/duct-tape/1.0.8/duct-tape-1.0.8.jar:/Users/fly/repo/org/jetbrains/annotations/17.0.0/annotations-17.0.0.jar:/Users/fly/repo/com/github/docker-java/docker-java-api/3.3.4/docker-java-api-3.3.4.jar:/Users/fly/repo/com/fasterxml/jackson/core/jackson-annotations/2.13.5/jackson-annotations-2.13.5.jar:/Users/fly/repo/com/github/docker-java/docker-java-transport-zerodep/3.3.4/docker-java-transport-zerodep-3.3.4.jar:/Users/fly/repo/com/github/docker-java/docker-java-transport/3.3.4/docker-java-transport-3.3.4.jar:/Users/fly/repo/net/java/dev/jna/jna/5.13.0/jna-5.13.0.jar:/Users/fly/repo/org/testcontainers/mysql/1.19.3/mysql-1.19.3.jar:/Users/fly/repo/org/testcontainers/jdbc/1.19.3/jdbc-1.19.3.jar:/Users/fly/repo/org/testcontainers/database-commons/1.19.3/database-commons-1.19.3.jar:"/>
    <property name="sun.cpu.endian" value="little"/>
    <property name="user.home" value="/Users/fly"/>
    <property name="user.language" value="en"/>
    <property name="java.specification.vendor" value="Oracle Corporation"/>
    <property name="java.home" value="/Library/Java/JavaVirtualMachines/jdk1.8.0_91.jdk/Contents/Home/jre"/>
    <property name="basedir" value="/Users/fly/Documents/dev/self/hsbchomework"/>
    <property name="https.proxyHost" value="127.0.0.1"/>
    <property name="file.separator" value="/"/>
    <property name="line.separator" value="&#10;"/>
    <property name="idea.version2019.2.3" value="true"/>
    <property name="java.vm.specification.vendor" value="Oracle Corporation"/>
    <property name="java.specification.name" value="Java Platform API Specification"/>
    <property name="java.awt.graphicsenv" value="sun.awt.CGraphicsEnvironment"/>
    <property name="surefire.real.class.path" value="/Users/fly/Documents/dev/self/hsbchomework/target/surefire/surefirebooter7022748108721874321.jar:/Users/fly/repo/org/jacoco/org.jacoco.agent/0.7.9/org.jacoco.agent-0.7.9-runtime.jar"/>
    <property name="sun.boot.class.path" value="/Library/Java/JavaVirtualMachines/jdk1.8.0_91.jdk/Contents/Home/jre/lib/resources.jar:/Library/Java/JavaVirtualMachines/jdk1.8.0_91.jdk/Contents/Home/jre/lib/rt.jar:/Library/Java/JavaVirtualMachines/jdk1.8.0_91.jdk/Contents/Home/jre/lib/sunrsasign.jar:/Library/Java/JavaVirtualMachines/jdk1.8.0_91.jdk/Contents/Home/jre/lib/jsse.jar:/Library/Java/JavaVirtualMachines/jdk1.8.0_91.jdk/Contents/Home/jre/lib/jce.jar:/Library/Java/JavaVirtualMachines/jdk1.8.0_91.jdk/Contents/Home/jre/lib/charsets.jar:/Library/Java/JavaVirtualMachines/jdk1.8.0_91.jdk/Contents/Home/jre/lib/jfr.jar:/Library/Java/JavaVirtualMachines/jdk1.8.0_91.jdk/Contents/Home/jre/classes"/>
    <property name="sun.management.compiler" value="HotSpot 64-Bit Tiered Compilers"/>
    <property name="ftp.nonProxyHosts" value="192.168.0.0/16|*.192.168.0.0/16|10.0.0.0/8|*.10.0.0.0/8|172.16.0.0/12|*.172.16.0.0/12|127.0.0.1|localhost|*.localhost|local|*.local|timestamp.apple.com|*.timestamp.apple.com|sequoia.apple.com|*.sequoia.apple.com|seed-sequoia.siri.apple.com|*.seed-sequoia.siri.apple.com"/>
    <property name="java.runtime.version" value="1.8.0_91-b14"/>
    <property name="user.name" value="fly"/>
    <property name="path.separator" value=":"/>
    <property name="os.version" value="10.16"/>
    <property name="java.endorsed.dirs" value="/Library/Java/JavaVirtualMachines/jdk1.8.0_91.jdk/Contents/Home/jre/lib/endorsed"/>
    <property name="java.runtime.name" value="Java(TM) SE Runtime Environment"/>
    <property name="file.encoding" value="UTF-8"/>
    <property name="java.vm.name" value="Java HotSpot(TM) 64-Bit Server VM"/>
    <property name="localRepository" value="/Users/fly/repo"/>
    <property name="java.vendor.url.bug" value="http://bugreport.sun.com/bugreport/"/>
    <property name="java.io.tmpdir" value="/var/folders/2m/htbv82_d0314vrl3tg2w97h80000gn/T/"/>
    <property name="java.version" value="1.8.0_91"/>
    <property name="user.dir" value="/Users/fly/Documents/dev/self/hsbchomework"/>
    <property name="os.arch" value="x86_64"/>
    <property name="socksProxyPort" value="7890"/>
    <property name="java.vm.specification.name" value="Java Virtual Machine Specification"/>
    <property name="java.awt.printerjob" value="sun.lwawt.macosx.CPrinterJob"/>
    <property name="sun.os.patch.level" value="unknown"/>
    <property name="java.library.path" value="/Users/fly/Library/Java/Extensions:/Library/Java/Extensions:/Network/Library/Java/Extensions:/System/Library/Java/Extensions:/usr/lib/java:."/>
    <property name="java.vm.info" value="mixed mode"/>
    <property name="java.vendor" value="Oracle Corporation"/>
    <property name="java.vm.version" value="25.91-b14"/>
    <property name="java.ext.dirs" value="/Users/fly/Library/Java/Extensions:/Library/Java/JavaVirtualMachines/jdk1.8.0_91.jdk/Contents/Home/jre/lib/ext:/Library/Java/Extensions:/Network/Library/Java/Extensions:/System/Library/Java/Extensions:/usr/lib/java"/>
    <property name="sun.io.unicode.encoding" value="UnicodeBig"/>
    <property name="java.class.version" value="52.0"/>
    <property name="socksNonProxyHosts" value="192.168.0.0/16|*.192.168.0.0/16|10.0.0.0/8|*.10.0.0.0/8|172.16.0.0/12|*.172.16.0.0/12|127.0.0.1|localhost|*.localhost|local|*.local|timestamp.apple.com|*.timestamp.apple.com|sequoia.apple.com|*.sequoia.apple.com|seed-sequoia.siri.apple.com|*.seed-sequoia.siri.apple.com"/>
    <property name="http.proxyPort" value="7890"/>
  </properties>
  <testcase name="testCacheUnavailable" classname="com.fly.hsbchomework.resilience.ResilienceTest" time="0.436"/>
  <testcase name="testDependencyServiceUnavailable" classname="com.fly.hsbchomework.resilience.ResilienceTest" time="0.346"/>
  <testcase name="testHighConcurrency" classname="com.fly.hsbchomework.resilience.ResilienceTest" time="10.876"/>
  <testcase name="testDatabaseConnectionFailure" classname="com.fly.hsbchomework.resilience.ResilienceTest" time="0.028"/>
</testsuite>